Size of training set = 106565
Size of validation set = 22835
Batch size = 154
Loss function = CrossEntropyLoss()
Optimizer = Adam (
Parameter Group 0
    amsgrad: False
    betas: (0.9, 0.999)
    capturable: False
    differentiable: False
    eps: 1e-08
    foreach: None
    fused: None
    lr: 0.001
    maximize: False
    weight_decay: 0
)

Start 2025-04-25 02:20:00.770080
Epoch 1/1000 2025-04-25 02:20:00.770095 600 500 400 300 200 100 
Validating... Loss = 4.030949645649
Validation Accuracy = 0.198248

Epoch 2/1000 2025-04-25 02:24:10.849948 600 500 400 300 200 100 
Validating... Loss = 2.338854104970
Validation Accuracy = 0.513641

Epoch 3/1000 2025-04-25 02:28:05.691945 600 500 400 300 200 100 
Validating... Loss = 1.332629263659
Validation Accuracy = 0.677600

Epoch 4/1000 2025-04-25 02:32:05.800561 600 500 400 300 200 100 
Validating... Loss = 0.814119604239
Validation Accuracy = 0.792818

Epoch 5/1000 2025-04-25 02:36:24.412619 600 500 400 300 200 100 
Validating... Loss = 0.506663730637
Validation Accuracy = 0.823648

Epoch 6/1000 2025-04-25 02:40:19.453112 600 500 400 300 200 100 
Validating... Loss = 0.368854122032
Validation Accuracy = 0.858025

Epoch 7/1000 2025-04-25 02:44:15.647730 600 500 400 300 200 100 
Validating... Loss = 0.267220194694
Validation Accuracy = 0.845763

Epoch 8/1000 2025-04-25 02:48:33.982749 600 500 400 300 200 100 
Validating... Loss = 0.232538339655
Validation Accuracy = 0.875980

Epoch 9/1000 2025-04-25 02:52:28.782959 600 500 400 300 200 100 
Validating... Loss = 0.187333878049
Validation Accuracy = 0.891745

Epoch 10/1000 2025-04-25 02:56:23.060842 600 500 400 300 200 100 
Validating... Loss = 0.172019667369
Validation Accuracy = 0.895599

Epoch 11/1000 2025-04-25 03:00:16.683954 600 500 400 300 200 100 
Validating... Loss = 0.153142760225
Validation Accuracy = 0.855879

Epoch 12/1000 2025-04-25 03:04:14.878605 600 500 400 300 200 100 
Validating... Loss = 0.142201501262
Validation Accuracy = 0.903438

Epoch 13/1000 2025-04-25 03:08:14.291325 600 500 400 300 200 100 
Validating... Loss = 0.129506566769
Validation Accuracy = 0.904883

Epoch 14/1000 2025-04-25 03:12:06.150093 600 500 400 300 200 100 
Validating... Loss = 0.126297549773
Validation Accuracy = 0.901379

Epoch 15/1000 2025-04-25 03:16:00.266593 600 500 400 300 200 100 
Validating... Loss = 0.116477014325
Validation Accuracy = 0.899891

Epoch 16/1000 2025-04-25 03:19:55.193817 600 500 400 300 200 100 
Validating... Loss = 0.114583356007
Validation Accuracy = 0.875761

Epoch 17/1000 2025-04-25 03:23:48.290990 600 500 400 300 200 100 
Validating... Loss = 0.108413025817
Validation Accuracy = 0.901292

Epoch 18/1000 2025-04-25 03:27:40.709922 600 500 400 300 200 100 
Validating... Loss = 0.105072215963
Validation Accuracy = 0.903350

Epoch 19/1000 2025-04-25 03:31:58.901359 600 500 400 300 200 100 
Validating... Loss = 0.097851830073
Validation Accuracy = 0.914386

Epoch 20/1000 2025-04-25 03:35:54.126150 600 500 400 300 200 100 
Validating... Loss = 0.102547873735
Validation Accuracy = 0.920166

Epoch 21/1000 2025-04-25 03:39:54.529153 600 500 400 300 200 100 
Validating... Loss = 0.092874860402
Validation Accuracy = 0.915612

Epoch 22/1000 2025-04-25 03:43:50.883910 600 500 400 300 200 100 
Validating... Loss = 0.095190423272
Validation Accuracy = 0.908693

Epoch 23/1000 2025-04-25 03:47:45.565490 600 500 400 300 200 100 
Validating... Loss = 0.092813173671
Validation Accuracy = 0.914692

Epoch 24/1000 2025-04-25 03:51:40.409441 600 500 400 300 200 100 
Validating... Loss = 0.081157157376
Validation Accuracy = 0.906459

Epoch 25/1000 2025-04-25 03:55:31.846453 600 500 400 300 200 100 
Validating... Loss = 0.086823733799
Validation Accuracy = 0.925159

Epoch 26/1000 2025-04-25 03:59:28.779049 600 500 400 300 200 100 
Validating... Loss = 0.077662087774
Validation Accuracy = 0.923845

Epoch 27/1000 2025-04-25 04:03:26.758744 600 500 400 300 200 100 
Validating... Loss = 0.078313478180
Validation Accuracy = 0.910444

Epoch 28/1000 2025-04-25 04:07:23.369756 600 500 400 300 200 100 
Validating... Loss = 0.085228392748
Validation Accuracy = 0.917889

Epoch 29/1000 2025-04-25 04:11:18.054882 600 500 400 300 200 100 
Validating... Loss = 0.082475451836
Validation Accuracy = 0.911496

Epoch 30/1000 2025-04-25 04:15:08.689679 600 500 400 300 200 100 
Validating... Loss = 0.080155679080
Validation Accuracy = 0.910663

Epoch 31/1000 2025-04-25 04:19:24.358755 600 500 400 300 200 100 
Validating... Loss = 0.080881696723
Validation Accuracy = 0.920823

Epoch 32/1000 2025-04-25 04:23:19.970243 600 500 400 300 200 100 
Validating... Loss = 0.077385775886
Validation Accuracy = 0.922049

Epoch 33/1000 2025-04-25 04:27:15.740758 600 500 400 300 200 100 
Validating... Loss = 0.076445884430
Validation Accuracy = 0.929845

Epoch 34/1000 2025-04-25 04:31:10.122067 600 500 400 300 200 100 
Validating... Loss = 0.073102075533
Validation Accuracy = 0.920473

Epoch 35/1000 2025-04-25 04:35:08.322406 600 500 400 300 200 100 
Validating... Loss = 0.076824077564
Validation Accuracy = 0.922400

Epoch 36/1000 2025-04-25 04:39:05.151579 600 500 400 300 200 100 
Validating... Loss = 0.074242386972
Validation Accuracy = 0.913466

Epoch 37/1000 2025-04-25 04:42:59.690098 600 500 400 300 200 100 
Validating... Loss = 0.076270228461
Validation Accuracy = 0.917013

Epoch 38/1000 2025-04-25 04:46:52.372417 600 500 400 300 200 100 
Validating... Loss = 0.069842508868
Validation Accuracy = 0.921436

Epoch 39/1000 2025-04-25 04:50:46.659758 600 500 400 300 200 100 
Validating... Loss = 0.075434857761
Validation Accuracy = 0.902956

Epoch 40/1000 2025-04-25 04:54:40.199947 600 500 400 300 200 100 
Validating... Loss = 0.077903543055
Validation Accuracy = 0.918196

Epoch 41/1000 2025-04-25 04:58:33.941273 600 500 400 300 200 100 
Validating... Loss = 0.073860936540
Validation Accuracy = 0.903919

Epoch 42/1000 2025-04-25 05:02:49.585454 600 500 400 300 200 100 
Validating... Loss = 0.066465464928
Validation Accuracy = 0.909437

Epoch 43/1000 2025-04-25 05:07:08.690272 600 500 400 300 200 100 
Validating... Loss = 0.075293135014
Validation Accuracy = 0.917714

Epoch 44/1000 2025-04-25 05:11:03.237649 600 500 400 300 200 100 
Validating... Loss = 0.062120319037
Validation Accuracy = 0.912021

Epoch 45/1000 2025-04-25 05:14:54.631395 600 500 400 300 200 100 
Validating... Loss = 0.072319421238
Validation Accuracy = 0.871863

Epoch 46/1000 2025-04-25 05:18:46.133419 600 500 400 300 200 100 
Validating... Loss = 0.071912181334
Validation Accuracy = 0.917626

Epoch 47/1000 2025-04-25 05:22:39.793635 600 500 400 300 200 100 
Validating... Loss = 0.077701835047
Validation Accuracy = 0.927524

Epoch 48/1000 2025-04-25 05:26:35.132955 600 500 400 300 200 100 
Validating... Loss = 0.066665990233
Validation Accuracy = 0.918152

Epoch 49/1000 2025-04-25 05:30:51.434091 600 500 400 300 200 100 
Validating... Loss = 0.067242811978
Validation Accuracy = 0.917539

Epoch 50/1000 2025-04-25 05:34:42.252015 600 500 400 300 200 100 
Validating... Loss = 0.066108340549
Validation Accuracy = 0.924677

Epoch 51/1000 2025-04-25 05:38:38.158817 600 500 400 300 200 100 
Validating... Loss = 0.069066413558
Validation Accuracy = 0.923933

Epoch 52/1000 2025-04-25 05:42:30.629660 600 500 400 300 200 100 
Validating... Loss = 0.076050481578
Validation Accuracy = 0.915481

Epoch 53/1000 2025-04-25 05:46:24.968103 600 500 400 300 200 100 
Validating... Loss = 0.067926997449
Validation Accuracy = 0.920604

Epoch 54/1000 2025-04-25 05:50:25.083873 600 500 400 300 200 100 
Validating... Loss = 0.063276008021
Validation Accuracy = 0.928268

Epoch 55/1000 2025-04-25 05:54:17.609587 600 500 400 300 200 100 
Validating... Loss = 0.072278386756
Validation Accuracy = 0.914298

Epoch 56/1000 2025-04-25 05:58:16.967932 600 500 400 300 200 100 
Validating... Loss = 0.068710566333
Validation Accuracy = 0.920692

Epoch 57/1000 2025-04-25 06:02:14.585553 600 500 400 300 200 100 
Validating... Loss = 0.070696641812
Validation Accuracy = 0.915349

Epoch 58/1000 2025-04-25 06:06:10.444268 600 500 400 300 200 100 
Validating... Loss = 0.060800972110
Validation Accuracy = 0.923407

Epoch 59/1000 2025-04-25 06:10:04.118404 600 500 400 300 200 100 
Validating... Loss = 0.070981046003
Validation Accuracy = 0.922006

Epoch 60/1000 2025-04-25 06:14:00.701970 600 500 400 300 200 100 
Validating... Loss = 0.066971230074
Validation Accuracy = 0.925422

Epoch 61/1000 2025-04-25 06:17:50.921613 600 500 400 300 200 100 
Validating... Loss = 0.066645366928
Validation Accuracy = 0.919947

Epoch 62/1000 2025-04-25 06:21:43.094943 600 500 400 300 200 100 
Validating... Loss = 0.072367560026
Validation Accuracy = 0.923889

Epoch 63/1000 2025-04-25 06:25:40.776649 600 500 400 300 200 100 
Validating... Loss = 0.061724748390
Validation Accuracy = 0.925947

Epoch 64/1000 2025-04-25 06:29:36.696279 600 500 400 300 200 100 
Validating... Loss = 0.070805592585
Validation Accuracy = 0.922093

Epoch 65/1000 2025-04-25 06:33:29.768453 600 500 400 300 200 100 
Validating... Loss = 0.068165519299
Validation Accuracy = 0.921743

Epoch 66/1000 2025-04-25 06:37:25.523613 600 500 400 300 200 100 
Validating... Loss = 0.060926086193
Validation Accuracy = 0.924458

Epoch 67/1000 2025-04-25 06:41:20.320293 600 500 400 300 200 100 
Validating... Loss = 0.069155326998
Validation Accuracy = 0.922400

Epoch 68/1000 2025-04-25 06:45:12.043639 600 500 400 300 200 100 
Validating... Loss = 0.066028236734
Validation Accuracy = 0.918152

Epoch 69/1000 2025-04-25 06:49:04.978346 600 500 400 300 200 100 
Validating... Loss = 0.067501875528
Validation Accuracy = 0.925071

Epoch 70/1000 2025-04-25 06:53:00.984747 600 500 400 300 200 100 
Validating... Loss = 0.074995264736
Validation Accuracy = 0.924283

Epoch 71/1000 2025-04-25 06:56:55.784811 600 500 400 300 200 100 
Validating... Loss = 0.062462517161
Validation Accuracy = 0.924677

Epoch 72/1000 2025-04-25 07:00:45.230117 600 500 400 300 200 100 
Validating... Loss = 0.067757435999
Validation Accuracy = 0.925553

Epoch 73/1000 2025-04-25 07:04:37.527564 600 500 400 300 200 100 
Validating... Loss = 0.063997374584
Validation Accuracy = 0.930151

Epoch 74/1000 2025-04-25 07:08:34.948289 600 500 400 300 200 100 
Validating... Loss = 0.065570148798
Validation Accuracy = 0.929275

Epoch 75/1000 2025-04-25 07:12:27.611972 600 500 400 300 200 100 
Validating... Loss = 0.064931486745
Validation Accuracy = 0.918590

Epoch 76/1000 2025-04-25 07:16:22.535049 600 500 400 300 200 100 
Validating... Loss = 0.067946751509
Validation Accuracy = 0.914298

Epoch 77/1000 2025-04-25 07:20:15.865428 600 500 400 300 200 100 
Validating... Loss = 0.070148711052
Validation Accuracy = 0.921743

Epoch 78/1000 2025-04-25 07:24:12.155224 600 500 400 300 200 100 
Validating... Loss = 0.061174423569
Validation Accuracy = 0.927961

Epoch 79/1000 2025-04-25 07:28:10.479236 600 500 400 300 200 100 
Validating... Loss = 0.063978473107
Validation Accuracy = 0.927173

Epoch 80/1000 2025-04-25 07:32:00.990897 600 500 400 300 200 100 
Validating... Loss = 0.072021027927
Validation Accuracy = 0.926691

Epoch 81/1000 2025-04-25 07:35:56.592660 600 500 400 300 200 100 
Validating... Loss = 0.071375010906
Validation Accuracy = 0.922838

Epoch 82/1000 2025-04-25 07:39:52.044558 600 500 400 300 200 100 
Validating... Loss = 0.071624431998
Validation Accuracy = 0.922619

Epoch 83/1000 2025-04-25 07:43:45.209432 600 500 400 300 200 100 
Validating... Loss = 0.068282022232
Validation Accuracy = 0.921436

Epoch 84/1000 2025-04-25 07:47:37.191089 600 500 400 300 200 100 
Validating... Loss = 0.058244133835
Validation Accuracy = 0.917013

Epoch 85/1000 2025-04-25 07:51:34.532456 600 500 400 300 200 100 
Validating... Loss = 0.079278702496
Validation Accuracy = 0.918590

Epoch 86/1000 2025-04-25 07:55:23.341626 600 500 400 300 200 100 
Validating... Loss = 0.064074750108
Validation Accuracy = 0.914386

Epoch 87/1000 2025-04-25 07:59:13.684748 600 500 400 300 200 100 
Validating... Loss = 0.073607530873
Validation Accuracy = 0.921436

Epoch 88/1000 2025-04-25 08:03:08.949294 600 500 400 300 200 100 
Validating... Loss = 0.071115902392
Validation Accuracy = 0.913160

Epoch 89/1000 2025-04-25 08:07:03.493983 600 500 400 300 200 100 
Validating... Loss = 0.068006314171
Validation Accuracy = 0.930458

Epoch 90/1000 2025-04-25 08:10:56.212614 600 500 400 300 200 100 
Validating... Loss = 0.061161156378
Validation Accuracy = 0.922882

Epoch 91/1000 2025-04-25 08:14:48.258197 600 500 400 300 200 100 
Validating... Loss = 0.083930148930
Validation Accuracy = 0.929888

Epoch 92/1000 2025-04-25 08:18:42.453385 600 500 400 300 200 100 
Validating... Loss = 0.062620035780
Validation Accuracy = 0.919247

Epoch 93/1000 2025-04-25 08:22:36.123383 600 500 400 300 200 100 
Validating... Loss = 0.053531305817
Validation Accuracy = 0.927217

Epoch 94/1000 2025-04-25 08:26:29.627194 600 500 400 300 200 100 
Validating... Loss = 0.069551458894
Validation Accuracy = 0.912941

Epoch 95/1000 2025-04-25 08:30:21.539667 600 500 400 300 200 100 
Validating... Loss = 0.082621875663
Validation Accuracy = 0.924239

Epoch 96/1000 2025-04-25 08:34:14.641148 600 500 400 300 200 100 
Validating... Loss = 0.072138750633
Validation Accuracy = 0.929056

Epoch 97/1000 2025-04-25 08:38:06.063806 600 500 400 300 200 100 
Validating... Loss = 0.075574000550
Validation Accuracy = 0.928706

Epoch 98/1000 2025-04-25 08:41:59.358761 600 500 400 300 200 100 
Validating... Loss = 0.065087660347
Validation Accuracy = 0.925597

Epoch 99/1000 2025-04-25 08:45:51.584522 600 500 400 300 200 100 
Validating... Loss = 0.059438481870
Validation Accuracy = 0.918896

Epoch 100/1000 2025-04-25 08:49:50.090474 600 500 400 300 200 100 
Validating... Loss = 0.082504344717
Validation Accuracy = 0.925553

Epoch 101/1000 2025-04-25 08:53:48.078145 600 500 400 300 200 100 
Validating... Loss = 0.058948968387
Validation Accuracy = 0.920517

Epoch 102/1000 2025-04-25 08:57:42.676344 600 500 400 300 200 100 
Validating... Loss = 0.075792961918
Validation Accuracy = 0.926648

Epoch 103/1000 2025-04-25 09:01:37.114294 600 500 400 300 200 100 
Validating... Loss = 0.060784131573
Validation Accuracy = 0.927961

Epoch 104/1000 2025-04-25 09:05:32.880096 600 500 400 300 200 100 
Validating... Loss = 0.063670652164
Validation Accuracy = 0.934530

Epoch 105/1000 2025-04-25 09:09:25.883446 600 500 400 300 200 100 
Validating... Loss = 0.076858816489
Validation Accuracy = 0.913598

Epoch 106/1000 2025-04-25 09:13:17.851663 600 500 400 300 200 100 
Validating... Loss = 0.065830823241
Validation Accuracy = 0.927305

Epoch 107/1000 2025-04-25 09:17:12.452417 600 500 400 300 200 100 
Validating... Loss = 0.066561783389
Validation Accuracy = 0.927480

Epoch 108/1000 2025-04-25 09:21:07.057207 600 500 400 300 200 100 
Validating... Loss = 0.079042738650
Validation Accuracy = 0.927261

Epoch 109/1000 2025-04-25 09:25:02.506769 600 500 400 300 200 100 
Validating... Loss = 0.073429262722
Validation Accuracy = 0.914517

Epoch 110/1000 2025-04-25 09:28:57.303163 600 500 400 300 200 100 
Validating... Loss = 0.071951586767
Validation Accuracy = 0.918896

Epoch 111/1000 2025-04-25 09:32:53.346511 600 500 400 300 200 100 
Validating... Loss = 0.070582814257
Validation Accuracy = 0.929144

Epoch 112/1000 2025-04-25 09:36:47.895672 600 500 400 300 200 100 
Validating... Loss = 0.075286371538
Validation Accuracy = 0.919947

Epoch 113/1000 2025-04-25 09:40:39.198554 600 500 400 300 200 100 
Validating... Loss = 0.075887734353
Validation Accuracy = 0.933217

Epoch 114/1000 2025-04-25 09:44:34.413235 600 500 400 300 200 100 
Validating... Loss = 0.067544214987
Validation Accuracy = 0.928093

Epoch 115/1000 2025-04-25 09:48:33.345004 600 500 400 300 200 100 
Validating... Loss = 0.080092331322
Validation Accuracy = 0.918634

Epoch 116/1000 2025-04-25 09:52:26.986149 600 500 400 300 200 100 
Validating... Loss = 0.073929831765
Validation Accuracy = 0.930282

Epoch 117/1000 2025-04-25 09:56:20.977682 600 500 400 300 200 100 
Validating... Loss = 0.063630780465
Validation Accuracy = 0.927261

Epoch 118/1000 2025-04-25 10:00:15.099369 600 500 400 300 200 100 
Validating... Loss = 0.074217291705
Validation Accuracy = 0.917933

Epoch 119/1000 2025-04-25 10:04:05.918999 600 500 400 300 200 100 
Validating... Loss = 0.066578051160
Validation Accuracy = 0.934049

Epoch 120/1000 2025-04-25 10:08:01.315075 600 500 400 300 200 100 
Validating... Loss = 0.073295686493
Validation Accuracy = 0.917364

Epoch 121/1000 2025-04-25 10:11:57.778901 600 500 400 300 200 100 
Validating... Loss = 0.073486996369
Validation Accuracy = 0.924283

Epoch 122/1000 2025-04-25 10:15:51.546625 600 500 400 300 200 100 
Validating... Loss = 0.078480861617
Validation Accuracy = 0.930677

Epoch 123/1000 2025-04-25 10:19:47.502201 600 500 400 300 200 100 
Validating... Loss = 0.062192295280
Validation Accuracy = 0.926823

Epoch 124/1000 2025-04-25 10:23:41.434414 600 500 400 300 200 100 
Validating... Loss = 0.074128064852
Validation Accuracy = 0.917101

Epoch 125/1000 2025-04-25 10:27:35.324628 600 500 400 300 200 100 
Validating... Loss = 0.086933503818
Validation Accuracy = 0.923626

Epoch 126/1000 2025-04-25 10:31:41.683749 600 500 400 300 200 100 
Validating... Loss = 0.069889551539
Validation Accuracy = 0.927348

Epoch 127/1000 2025-04-25 10:35:36.580510 600 500 400 300 200 100 
Validating... Loss = 0.073112875357
Validation Accuracy = 0.919597

Epoch 128/1000 2025-04-25 10:39:30.724190 600 500 400 300 200 100 
Validating... Loss = 0.072710800362
Validation Accuracy = 0.930983

Epoch 129/1000 2025-04-25 10:43:23.010905 600 500 400 300 200 100 
Validating... Loss = 0.074466949928
Validation Accuracy = 0.921918

Epoch 130/1000 2025-04-25 10:47:18.889106 600 500 400 300 200 100 
Validating... Loss = 0.065334364659
Validation Accuracy = 0.929845

Epoch 131/1000 2025-04-25 10:51:11.737132 600 500 400 300 200 100 
Validating... Loss = 0.089576770406
Validation Accuracy = 0.928224

Epoch 132/1000 2025-04-25 10:55:05.619741 600 500 400 300 200 100 
Validating... Loss = 0.074560615961
Validation Accuracy = 0.933304

Epoch 133/1000 2025-04-25 10:59:21.484497 600 500 400 300 200 100 
Validating... Loss = 0.057641131099
Validation Accuracy = 0.931465

Epoch 134/1000 2025-04-25 11:03:15.575639 600 500 400 300 200 100 
Validating... Loss = 0.075402769030
Validation Accuracy = 0.933523

Epoch 135/1000 2025-04-25 11:07:08.630726 600 500 400 300 200 100 
Validating... Loss = 0.102528699973
Validation Accuracy = 0.926254

Epoch 136/1000 2025-04-25 11:11:03.836475 600 500 400 300 200 100 
Validating... Loss = 0.067142281700
Validation Accuracy = 0.930063

Epoch 137/1000 2025-04-25 11:14:58.509677 600 500 400 300 200 100 
Validating... Loss = 0.075861791800
Validation Accuracy = 0.927129

Epoch 138/1000 2025-04-25 11:18:52.789893 600 500 400 300 200 100 
Validating... Loss = 0.075057238335
Validation Accuracy = 0.932603

Epoch 139/1000 2025-04-25 11:22:47.312236 600 500 400 300 200 100 
Validating... Loss = 0.076526224194
Validation Accuracy = 0.925728

Epoch 140/1000 2025-04-25 11:26:44.229680 600 500 400 300 200 100 
Validating... Loss = 0.071732452296
Validation Accuracy = 0.923495

Epoch 141/1000 2025-04-25 11:30:41.575671 600 500 400 300 200 100 
Validating... Loss = 0.073513747497
Validation Accuracy = 0.921831

Epoch 142/1000 2025-04-25 11:34:43.189454 600 500 400 300 200 100 
Validating... Loss = 0.067101569272
Validation Accuracy = 0.924414

Epoch 143/1000 2025-04-25 11:38:41.684066 600 500